\BOOKMARK [0][-]{dummy.1}{\376\377\000S\000t\000a\000t\000e\000m\000e\000n\000t\000\040\000B\000y\000\040\000A\000u\000t\000h\000o\000r}{}% 1
\BOOKMARK [0][-]{dummy.2}{\376\377\000A\000c\000k\000n\000o\000w\000l\000e\000d\000g\000e\000m\000e\000n\000t\000s}{}% 2
\BOOKMARK [0][-]{dummy.4}{\376\377\000L\000i\000s\000t\000\040\000o\000f\000\040\000F\000i\000g\000u\000r\000e\000s}{}% 3
\BOOKMARK [0][-]{dummy.6}{\376\377\000L\000i\000s\000t\000\040\000o\000f\000\040\000T\000a\000b\000l\000e\000s}{}% 4
\BOOKMARK [0][-]{dummy.8}{\376\377\000A\000b\000b\000r\000e\000v\000i\000a\000t\000i\000o\000n\000s}{}% 5
\BOOKMARK [0][-]{dummy.11}{\376\377\000S\000y\000m\000b\000o\000l\000s}{}% 6
\BOOKMARK [0][-]{dummy.14}{\376\377\000A\000b\000s\000t\000r\000a\000c\000t}{}% 7
\BOOKMARK [0][-]{chapter.15}{\376\377\0001\000\040\000I\000n\000t\000r\000o\000d\000u\000c\000t\000i\000o\000n}{}% 8
\BOOKMARK [1][-]{section.16}{\376\377\0001\000.\0001\000\040\000M\000o\000t\000i\000v\000a\000t\000i\000o\000n}{chapter.15}% 9
\BOOKMARK [1][-]{section.17}{\376\377\0001\000.\0002\000\040\000C\000o\000n\000t\000r\000i\000b\000u\000t\000i\000o\000n}{chapter.15}% 10
\BOOKMARK [1][-]{section.18}{\376\377\0001\000.\0003\000\040\000O\000r\000g\000a\000n\000i\000z\000a\000t\000i\000o\000n}{chapter.15}% 11
\BOOKMARK [0][-]{chapter.19}{\376\377\0002\000\040\000L\000i\000t\000e\000r\000a\000t\000u\000r\000e\000\040\000R\000e\000v\000i\000e\000w\000\040\000a\000n\000d\000\040\000G\000e\000o\000m\000e\000t\000r\000i\000c\000\040\000M\000o\000d\000e\000l\000s}{}% 12
\BOOKMARK [1][-]{section.20}{\376\377\0002\000.\0001\000\040\000I\000n\000t\000r\000o\000d\000u\000c\000t\000i\000o\000n}{chapter.19}% 13
\BOOKMARK [1][-]{section.21}{\376\377\0002\000.\0002\000\040\000L\000i\000t\000e\000r\000a\000t\000u\000r\000e\000\040\000R\000e\000v\000i\000e\000w}{chapter.19}% 14
\BOOKMARK [1][-]{section.22}{\376\377\0002\000.\0003\000\040\000G\000e\000o\000m\000e\000t\000r\000i\000c\000\040\000M\000o\000d\000e\000l\000s}{chapter.19}% 15
\BOOKMARK [2][-]{subsection.23}{\376\377\0002\000.\0003\000.\0001\000\040\0002\000D\000\040\000G\000e\000o\000m\000e\000t\000r\000i\000c\000\040\000M\000o\000d\000e\000l}{section.22}% 16
\BOOKMARK [2][-]{subsection.27}{\376\377\0002\000.\0003\000.\0002\000\040\0003\000D\000\040\000G\000e\000o\000m\000e\000t\000r\000i\000c\000\040\000M\000o\000d\000e\000l}{section.22}% 17
\BOOKMARK [3][-]{subsubsection.28}{\376\377\0002\000.\0003\000.\0002\000.\0001\000\040\000T\000r\000a\000n\000s\000m\000i\000t\000t\000e\000r\000\040\000i\000n\000-\000l\000i\000n\000e\000\040\000w\000i\000t\000h\000\040\000R\000e\000c\000e\000i\000v\000e\000r\000\040\000a\000n\000d\000\040\000R\000o\000t\000o\000r\000\040\000B\000l\000a\000d\000e}{subsection.27}% 18
\BOOKMARK [3][-]{subsubsection.37}{\376\377\0002\000.\0003\000.\0002\000.\0002\000\040\000A\000p\000p\000r\000o\000a\000c\000h\000i\000n\000g\000\040\000M\000o\000d\000e\000l}{subsection.27}% 19
\BOOKMARK [3][-]{subsubsection.41}{\376\377\0002\000.\0003\000.\0002\000.\0003\000\040\000R\000e\000c\000e\000d\000i\000n\000g\000\040\000M\000o\000d\000e\000l}{subsection.27}% 20
\BOOKMARK [0][-]{chapter.45}{\376\377\0003\000\040\000R\000a\000d\000i\000o\000\040\000P\000r\000o\000p\000a\000g\000a\000t\000i\000o\000n\000\040\000S\000i\000m\000u\000l\000a\000t\000i\000o\000n}{}% 21
\BOOKMARK [1][-]{section.46}{\376\377\0003\000.\0001\000\040\000I\000n\000t\000r\000o\000d\000u\000c\000t\000i\000o\000n}{chapter.45}% 22
\BOOKMARK [1][-]{section.47}{\376\377\0003\000.\0002\000\040\000R\000a\000d\000i\000o\000\040\000P\000r\000o\000p\000a\000g\000a\000t\000i\000o\000n\000\040\000M\000o\000d\000e\000l}{chapter.45}% 23
\BOOKMARK [2][-]{subsection.48}{\376\377\0003\000.\0002\000.\0001\000\040\000F\000r\000e\000e\000-\000S\000p\000a\000c\000e\000\040\000P\000a\000t\000h\000\040\000L\000o\000s\000s}{section.47}% 24
\BOOKMARK [2][-]{subsection.50}{\376\377\0003\000.\0002\000.\0002\000\040\000R\000e\000f\000l\000e\000c\000t\000i\000o\000n}{section.47}% 25
\BOOKMARK [3][-]{subsubsection.51}{\376\377\0003\000.\0002\000.\0002\000.\0001\000\040\000S\000p\000e\000c\000u\000l\000a\000r\000\040\000R\000e\000f\000l\000e\000c\000t\000i\000o\000n}{subsection.50}% 26
\BOOKMARK [3][-]{subsubsection.53}{\376\377\0003\000.\0002\000.\0002\000.\0002\000\040\000R\000e\000f\000l\000e\000c\000t\000i\000o\000n\000\040\000L\000o\000s\000s}{subsection.50}% 27
\BOOKMARK [3][-]{subsubsection.57}{\376\377\0003\000.\0002\000.\0002\000.\0003\000\040\000D\000i\000f\000f\000u\000s\000e\000\040\000R\000e\000f\000l\000e\000c\000t\000i\000o\000n}{subsection.50}% 28
\BOOKMARK [2][-]{subsection.58}{\376\377\0003\000.\0002\000.\0003\000\040\000F\000a\000d\000i\000n\000g}{section.47}% 29
\BOOKMARK [2][-]{subsection.61}{\376\377\0003\000.\0002\000.\0004\000\040\000D\000o\000p\000p\000l\000e\000r\000\040\000E\000f\000f\000e\000c\000t}{section.47}% 30
\BOOKMARK [1][-]{section.67}{\376\377\0003\000.\0003\000\040\000S\000c\000e\000n\000e\000\040\000M\000o\000d\000e\000l}{chapter.45}% 31
\BOOKMARK [2][-]{subsection.68}{\376\377\0003\000.\0003\000.\0001\000\040\000R\000o\000t\000o\000r\000\040\000B\000l\000a\000d\000e}{section.67}% 32
\BOOKMARK [2][-]{subsection.71}{\376\377\0003\000.\0003\000.\0002\000\040\000T\000r\000a\000n\000s\000m\000i\000t\000t\000e\000r}{section.67}% 33
\BOOKMARK [2][-]{subsection.73}{\376\377\0003\000.\0003\000.\0003\000\040\000R\000e\000c\000e\000i\000v\000e\000r}{section.67}% 34
\BOOKMARK [1][-]{section.74}{\376\377\0003\000.\0004\000\040\000R\000a\000y\000\040\000T\000r\000a\000c\000i\000n\000g}{chapter.45}% 35
\BOOKMARK [2][-]{subsection.75}{\376\377\0003\000.\0004\000.\0001\000\040\000C\000o\000m\000p\000u\000t\000a\000t\000i\000o\000n}{section.74}% 36
\BOOKMARK [2][-]{subsection.79}{\376\377\0003\000.\0004\000.\0002\000\040\000O\000u\000t\000p\000u\000t}{section.74}% 37
\BOOKMARK [0][-]{chapter.80}{\376\377\0004\000\040\000R\000e\000c\000e\000i\000v\000e\000d\000\040\000S\000i\000g\000n\000a\000l\000\040\000S\000i\000m\000u\000l\000a\000t\000i\000o\000n\000s}{}% 38
\BOOKMARK [1][-]{section.81}{\376\377\0004\000.\0001\000\040\000I\000n\000t\000r\000o\000d\000u\000c\000t\000i\000o\000n}{chapter.80}% 39
\BOOKMARK [1][-]{section.82}{\376\377\0004\000.\0002\000\040\000A\000n\000a\000l\000y\000s\000i\000s\000\040\000T\000e\000c\000h\000n\000i\000q\000u\000e\000s}{chapter.80}% 40
\BOOKMARK [1][-]{section.85}{\376\377\0004\000.\0003\000\040\000R\000e\000c\000e\000i\000v\000e\000r\000\040\000P\000o\000s\000i\000t\000i\000o\000n}{chapter.80}% 41
\BOOKMARK [1][-]{section.90}{\376\377\0004\000.\0004\000\040\000R\000o\000t\000o\000r\000\040\000P\000i\000t\000c\000h}{chapter.80}% 42
\BOOKMARK [1][-]{section.96}{\376\377\0004\000.\0005\000\040\000T\000r\000a\000n\000s\000m\000i\000t\000t\000e\000r\000\040\000A\000z\000i\000m\000u\000t\000h\000\040\000A\000n\000g\000l\000e}{chapter.80}% 43
\BOOKMARK [1][-]{section.103}{\376\377\0004\000.\0006\000\040\000T\000r\000a\000n\000s\000m\000i\000t\000t\000e\000r\000\040\000E\000l\000e\000v\000a\000t\000i\000o\000n\000\040\000A\000n\000g\000l\000e}{chapter.80}% 44
\BOOKMARK [0][-]{chapter.112}{\376\377\0005\000\040\000R\000e\000s\000u\000l\000t\000s}{}% 45
\BOOKMARK [1][-]{section.113}{\376\377\0005\000.\0001\000\040\000I\000n\000t\000r\000o\000d\000u\000c\000t\000i\000o\000n}{chapter.112}% 46
\BOOKMARK [1][-]{section.114}{\376\377\0005\000.\0002\000\040\000T\000r\000a\000n\000s\000m\000i\000t\000t\000e\000r\000\040\000A\000z\000i\000m\000u\000t\000h\000\040\000A\000n\000g\000l\000e\000\040\000E\000s\000t\000i\000m\000a\000t\000i\000o\000n}{chapter.112}% 47
\BOOKMARK [1][-]{section.140}{\376\377\0005\000.\0003\000\040\000T\000r\000a\000n\000s\000m\000i\000t\000t\000e\000r\000\040\000E\000l\000e\000v\000a\000t\000i\000o\000n\000\040\000A\000n\000g\000l\000e\000\040\000E\000s\000t\000i\000m\000a\000t\000i\000o\000n}{chapter.112}% 48
\BOOKMARK [0][-]{chapter.160}{\376\377\0006\000\040\000C\000o\000n\000c\000l\000u\000s\000i\000o\000n\000\040\000a\000n\000d\000\040\000F\000u\000t\000u\000r\000e\000\040\000W\000o\000r\000k}{}% 49
\BOOKMARK [1][-]{section.161}{\376\377\0006\000.\0001\000\040\000S\000u\000m\000m\000a\000r\000y}{chapter.160}% 50
\BOOKMARK [1][-]{section.162}{\376\377\0006\000.\0002\000\040\000F\000u\000t\000u\000r\000e\000\040\000W\000o\000r\000k}{chapter.160}% 51
\BOOKMARK [0][-]{appendix.163}{\376\377\000A\000\040\000R\000a\000y\000\040\000T\000r\000a\000c\000i\000n\000g\000\040\000S\000o\000f\000t\000w\000a\000r\000e}{}% 52
\BOOKMARK [0][-]{appendix.168}{\376\377\000B\000\040\000C\000l\000a\000s\000s\000\040\000D\000o\000c\000u\000m\000e\000n\000t\000a\000t\000i\000o\000n}{}% 53
\BOOKMARK [1][-]{section.169}{\376\377\000B\000.\0001\000\040\000B\000l\000a\000d\000e\000\137\000s\000u\000r\000f\000a\000c\000e\000\040\000C\000l\000a\000s\000s\000\040\000R\000e\000f\000e\000r\000e\000n\000c\000e}{appendix.168}% 54
\BOOKMARK [1][-]{section.173}{\376\377\000B\000.\0002\000\040\000B\000o\000u\000n\000d\000i\000n\000g\000\137\000b\000o\000x\000\040\000C\000l\000a\000s\000s\000\040\000R\000e\000f\000e\000r\000e\000n\000c\000e}{appendix.168}% 55
\BOOKMARK [1][-]{section.177}{\376\377\000B\000.\0003\000\040\000P\000o\000i\000n\000t\0003\000D\000\040\000C\000l\000a\000s\000s\000\040\000R\000e\000f\000e\000r\000e\000n\000c\000e}{appendix.168}% 56
\BOOKMARK [1][-]{section.181}{\376\377\000B\000.\0004\000\040\000R\000a\000y\0003\000D\000\040\000C\000l\000a\000s\000s\000\040\000R\000e\000f\000e\000r\000e\000n\000c\000e}{appendix.168}% 57
\BOOKMARK [1][-]{section.185}{\376\377\000B\000.\0005\000\040\000R\000e\000c\000e\000i\000v\000e\000r\000\040\000C\000l\000a\000s\000s\000\040\000R\000e\000f\000e\000r\000e\000n\000c\000e}{appendix.168}% 58
\BOOKMARK [1][-]{section.189}{\376\377\000B\000.\0006\000\040\000R\000i\000b\000\040\000C\000l\000a\000s\000s\000\040\000R\000e\000f\000e\000r\000e\000n\000c\000e}{appendix.168}% 59
\BOOKMARK [1][-]{section.193}{\376\377\000B\000.\0007\000\040\000R\000o\000t\000o\000r\000\040\000C\000l\000a\000s\000s\000\040\000R\000e\000f\000e\000r\000e\000n\000c\000e}{appendix.168}% 60
\BOOKMARK [1][-]{section.197}{\376\377\000B\000.\0008\000\040\000S\000c\000e\000n\000e\000\040\000C\000l\000a\000s\000s\000\040\000R\000e\000f\000e\000r\000e\000n\000c\000e}{appendix.168}% 61
\BOOKMARK [1][-]{section.200}{\376\377\000B\000.\0009\000\040\000S\000p\000h\000e\000r\000e\000\040\000C\000l\000a\000s\000s\000\040\000R\000e\000f\000e\000r\000e\000n\000c\000e}{appendix.168}% 62
\BOOKMARK [1][-]{section.204}{\376\377\000B\000.\0001\0000\000\040\000T\000r\000a\000n\000s\000m\000i\000t\000t\000e\000r\000\040\000C\000l\000a\000s\000s\000\040\000R\000e\000f\000e\000r\000e\000n\000c\000e}{appendix.168}% 63
\BOOKMARK [1][-]{section.208}{\376\377\000B\000.\0001\0001\000\040\000T\000r\000i\000a\000n\000g\000l\000e\000\040\000C\000l\000a\000s\000s\000\040\000R\000e\000f\000e\000r\000e\000n\000c\000e}{appendix.168}% 64
\BOOKMARK [1][-]{section.211}{\376\377\000B\000.\0001\0002\000\040\000V\000e\000c\000t\000o\000r\0003\000D\000\040\000C\000l\000a\000s\000s\000\040\000R\000e\000f\000e\000r\000e\000n\000c\000e}{appendix.168}% 65
\BOOKMARK [0][-]{dummy.214}{\376\377\000B\000i\000b\000l\000i\000o\000g\000r\000a\000p\000h\000y}{}% 66
