This is pdfTeX, Version 3.14159265-2.6-1.40.16 (TeX Live 2015) (preloaded format=pdflatex 2015.5.24)  14 OCT 2016 14:36
entering extended mode
 restricted \write18 enabled.
 file:line:error style messages enabled.
 %&-line parsing enabled.
**Radio_Propagation_Simulation.tex
(./Radio_Propagation_Simulation.tex
LaTeX2e <2015/01/01>
Babel <3.9l> and hyphenation patterns for 79 languages loaded.
./Radio_Propagation_Simulation.tex:1: Undefined control sequence.
l.1 \chapter
            {Radio Propagation Simulation} \label{ch:radio_propagation}
? 
./Radio_Propagation_Simulation.tex:1: Emergency stop.
l.1 \chapter
            {Radio Propagation Simulation} \label{ch:radio_propagation}
End of file on the terminal!

 
Here is how much of TeX's memory you used:
 5 strings out of 493089
 211 string characters out of 6134842
 53199 words of memory out of 5000000
 3590 multiletter control sequences out of 15000+600000
 3640 words of font info for 14 fonts, out of 8000000 for 9000
 1141 hyphenation exceptions out of 8191
 5i,0n,1p,102b,8s stack positions out of 5000i,500n,10000p,200000b,80000s
./Radio_Propagation_Simulation.tex:1:  ==> Fatal error occurred, no output PDF 
file produced!
